/home/alphatruck/ros2_ws/src/alphatruck_bringup/install/alphatruck_bringup/lib/python3.10/site-packages/alphatruck_bringup/__init__.py
/home/alphatruck/ros2_ws/src/alphatruck_bringup/install/alphatruck_bringup/lib/python3.10/site-packages/alphatruck_bringup/__pycache__/__init__.cpython-310.pyc
/home/alphatruck/ros2_ws/src/alphatruck_bringup/install/alphatruck_bringup/share/ament_index/resource_index/packages/alphatruck_bringup
/home/alphatruck/ros2_ws/src/alphatruck_bringup/install/alphatruck_bringup/share/alphatruck_bringup/package.xml
/home/alphatruck/ros2_ws/src/alphatruck_bringup/install/alphatruck_bringup/share/alphatruck_bringup/launch/alphatruck_semi_system.launch.py
/home/alphatruck/ros2_ws/src/alphatruck_bringup/install/alphatruck_bringup/share/alphatruck_bringup/launch/alphatruck_full_system.launch.py
/home/alphatruck/ros2_ws/src/alphatruck_bringup/install/alphatruck_bringup/share/alphatruck_bringup/config/alphatruck_online_async.yaml
/home/alphatruck/ros2_ws/src/alphatruck_bringup/install/alphatruck_bringup/share/alphatruck_bringup/config/ekf.yaml
/home/alphatruck/ros2_ws/src/alphatruck_bringup/install/alphatruck_bringup/share/alphatruck_bringup/params/experiment_config_goktug.yaml
/home/alphatruck/ros2_ws/src/alphatruck_bringup/install/alphatruck_bringup/share/alphatruck_bringup/params/experiment_config.yaml
/home/alphatruck/ros2_ws/src/alphatruck_bringup/install/alphatruck_bringup/share/alphatruck_bringup/urdf/alphatruck.urdf
/home/alphatruck/ros2_ws/src/alphatruck_bringup/install/alphatruck_bringup/share/alphatruck_bringup/resource/alphatruck_bringup
/home/alphatruck/ros2_ws/src/alphatruck_bringup/install/alphatruck_bringup/share/alphatruck_bringup/resource/map_conditioned_cuniform_models_v2.5/best_model.pth
/home/alphatruck/ros2_ws/src/alphatruck_bringup/install/alphatruck_bringup/share/alphatruck_bringup/resource/map_conditioned_cuniform_models_v2.5/best_feature_extractor.pth
/home/alphatruck/ros2_ws/src/alphatruck_bringup/install/alphatruck_bringup/share/alphatruck_bringup/resource/unsupervised_cuniform_model_v2.5/MapAct_best_model_single_env.pt
/home/alphatruck/ros2_ws/src/alphatruck_bringup/install/alphatruck_bringup/lib/python3.10/site-packages/alphatruck_bringup-1.0.0-py3.10.egg-info/requires.txt
/home/alphatruck/ros2_ws/src/alphatruck_bringup/install/alphatruck_bringup/lib/python3.10/site-packages/alphatruck_bringup-1.0.0-py3.10.egg-info/PKG-INFO
/home/alphatruck/ros2_ws/src/alphatruck_bringup/install/alphatruck_bringup/lib/python3.10/site-packages/alphatruck_bringup-1.0.0-py3.10.egg-info/top_level.txt
/home/alphatruck/ros2_ws/src/alphatruck_bringup/install/alphatruck_bringup/lib/python3.10/site-packages/alphatruck_bringup-1.0.0-py3.10.egg-info/dependency_links.txt
/home/alphatruck/ros2_ws/src/alphatruck_bringup/install/alphatruck_bringup/lib/python3.10/site-packages/alphatruck_bringup-1.0.0-py3.10.egg-info/zip-safe
/home/alphatruck/ros2_ws/src/alphatruck_bringup/install/alphatruck_bringup/lib/python3.10/site-packages/alphatruck_bringup-1.0.0-py3.10.egg-info/SOURCES.txt
